MT_CONF=0
Nthreads: 1  Runtime(sec): 10  Workload: 100/0/0  Throughput(Kops/sec): 1565.11
MT_CONF=0,1
Nthreads: 2  Runtime(sec): 10  Workload: 100/0/0  Throughput(Kops/sec): 3110.30
MT_CONF=0,1,2,3
Nthreads: 4  Runtime(sec): 10  Workload: 100/0/0  Throughput(Kops/sec): 5981.23
MT_CONF=0,1,2,3,4,5,6,7
Nthreads: 8  Runtime(sec): 10  Workload: 100/0/0  Throughput(Kops/sec): 11060.57
MT_CONF=0,1,2,3,4,5,6,7,8,9,10,11,12,13,14,15
Nthreads: 16  Runtime(sec): 10  Workload: 100/0/0  Throughput(Kops/sec): 22099.37
MT_CONF=0,1,2,3,4,5,6,7,8,9,10,11,12,13,14,15,16,17,18,19,20,21,22,23,24,25,26,27,28,29,30,31
Nthreads: 32  Runtime(sec): 10  Workload: 100/0/0  Throughput(Kops/sec): 44205.51
MT_CONF=0,1,2,3,4,5,6,7,8,9,0,11,12,13,14,15,16,17,18,19,20,21,22,23,24,25,26,27,28,29,30,31,0,1,2,3,4,5,6,7,8,9,0,11,12,13,14,15,16,17,18,19,20,21,22,23,24,25,26,27,28,29,30,31
Nthreads: 64  Runtime(sec): 10  Workload: 100/0/0  Throughput(Kops/sec): 42842.61
MT_CONF=0,1,2,3,4,5,6,7,8,9,0,11,12,13,14,15,16,17,18,19,20,21,22,23,24,25,26,27,28,29,30,31,0,1,2,3,4,5,6,7,8,9,0,11,12,13,14,15,16,17,18,19,20,21,22,23,24,25,26,27,28,29,30,31,0,1,2,3,4,5,6,7,8,9,0,11,12,13,14,15,16,17,18,19,20,21,22,23,24,25,26,27,28,29,30,31,0,1,2,3,4,5,6,7,8,9,0,11,12,13,14,15,16,17,18,19,20,21,22,23,24,25,26,27,28,29,30,31
Nthreads: 128  Runtime(sec): 10  Workload: 100/0/0  Throughput(Kops/sec): 42818.72
MT_CONF=0
Nthreads: 1  Runtime(sec): 10  Workload: 80/10/10  Throughput(Kops/sec): 1912.28
MT_CONF=0,1
Nthreads: 2  Runtime(sec): 10  Workload: 80/10/10  Throughput(Kops/sec): 1791.04
MT_CONF=0,1,2,3
Nthreads: 4  Runtime(sec): 10  Workload: 80/10/10  Throughput(Kops/sec): 1381.63
MT_CONF=0,1,2,3,4,5,6,7
Nthreads: 8  Runtime(sec): 10  Workload: 80/10/10  Throughput(Kops/sec): 1827.85
MT_CONF=0,1,2,3,4,5,6,7,8,9,10,11,12,13,14,15
Nthreads: 16  Runtime(sec): 10  Workload: 80/10/10  Throughput(Kops/sec): 1312.34
MT_CONF=0,1,2,3,4,5,6,7,8,9,10,11,12,13,14,15,16,17,18,19,20,21,22,23,24,25,26,27,28,29,30,31
Nthreads: 32  Runtime(sec): 10  Workload: 80/10/10  Throughput(Kops/sec): 5896.23
MT_CONF=0,1,2,3,4,5,6,7,8,9,0,11,12,13,14,15,16,17,18,19,20,21,22,23,24,25,26,27,28,29,30,31,0,1,2,3,4,5,6,7,8,9,0,11,12,13,14,15,16,17,18,19,20,21,22,23,24,25,26,27,28,29,30,31
Nthreads: 64  Runtime(sec): 10  Workload: 80/10/10  Throughput(Kops/sec): 1033.79
MT_CONF=0,1,2,3,4,5,6,7,8,9,0,11,12,13,14,15,16,17,18,19,20,21,22,23,24,25,26,27,28,29,30,31,0,1,2,3,4,5,6,7,8,9,0,11,12,13,14,15,16,17,18,19,20,21,22,23,24,25,26,27,28,29,30,31,0,1,2,3,4,5,6,7,8,9,0,11,12,13,14,15,16,17,18,19,20,21,22,23,24,25,26,27,28,29,30,31,0,1,2,3,4,5,6,7,8,9,0,11,12,13,14,15,16,17,18,19,20,21,22,23,24,25,26,27,28,29,30,31
Nthreads: 128  Runtime(sec): 10  Workload: 80/10/10  Throughput(Kops/sec): 418.01
MT_CONF=0
Nthreads: 1  Runtime(sec): 10  Workload: 20/40/40  Throughput(Kops/sec): 1493.99
MT_CONF=0,1
Nthreads: 2  Runtime(sec): 10  Workload: 20/40/40  Throughput(Kops/sec): 1402.20
MT_CONF=0,1,2,3
Nthreads: 4  Runtime(sec): 10  Workload: 20/40/40  Throughput(Kops/sec): 1259.51
MT_CONF=0,1,2,3,4,5,6,7
Nthreads: 8  Runtime(sec): 10  Workload: 20/40/40  Throughput(Kops/sec): 1711.71
MT_CONF=0,1,2,3,4,5,6,7,8,9,10,11,12,13,14,15
Nthreads: 16  Runtime(sec): 10  Workload: 20/40/40  Throughput(Kops/sec): 1109.14
MT_CONF=0,1,2,3,4,5,6,7,8,9,10,11,12,13,14,15,16,17,18,19,20,21,22,23,24,25,26,27,28,29,30,31
Nthreads: 32  Runtime(sec): 10  Workload: 20/40/40  Throughput(Kops/sec): 3760.38
MT_CONF=0,1,2,3,4,5,6,7,8,9,0,11,12,13,14,15,16,17,18,19,20,21,22,23,24,25,26,27,28,29,30,31,0,1,2,3,4,5,6,7,8,9,0,11,12,13,14,15,16,17,18,19,20,21,22,23,24,25,26,27,28,29,30,31
Nthreads: 64  Runtime(sec): 10  Workload: 20/40/40  Throughput(Kops/sec): 251.81
MT_CONF=0,1,2,3,4,5,6,7,8,9,0,11,12,13,14,15,16,17,18,19,20,21,22,23,24,25,26,27,28,29,30,31,0,1,2,3,4,5,6,7,8,9,0,11,12,13,14,15,16,17,18,19,20,21,22,23,24,25,26,27,28,29,30,31,0,1,2,3,4,5,6,7,8,9,0,11,12,13,14,15,16,17,18,19,20,21,22,23,24,25,26,27,28,29,30,31,0,1,2,3,4,5,6,7,8,9,0,11,12,13,14,15,16,17,18,19,20,21,22,23,24,25,26,27,28,29,30,31
Nthreads: 128  Runtime(sec): 10  Workload: 20/40/40  Throughput(Kops/sec): 115.94
MT_CONF=0
Nthreads: 1  Runtime(sec): 10  Workload: 0/50/50  Throughput(Kops/sec): 1411.17
MT_CONF=0,1
Nthreads: 2  Runtime(sec): 10  Workload: 0/50/50  Throughput(Kops/sec): 1320.09
MT_CONF=0,1,2,3
Nthreads: 4  Runtime(sec): 10  Workload: 0/50/50  Throughput(Kops/sec): 1234.51
MT_CONF=0,1,2,3,4,5,6,7
Nthreads: 8  Runtime(sec): 10  Workload: 0/50/50  Throughput(Kops/sec): 1668.67
MT_CONF=0,1,2,3,4,5,6,7,8,9,10,11,12,13,14,15
Nthreads: 16  Runtime(sec): 10  Workload: 0/50/50  Throughput(Kops/sec): 1072.40
MT_CONF=0,1,2,3,4,5,6,7,8,9,10,11,12,13,14,15,16,17,18,19,20,21,22,23,24,25,26,27,28,29,30,31
Nthreads: 32  Runtime(sec): 10  Workload: 0/50/50  Throughput(Kops/sec): 3395.44
MT_CONF=0,1,2,3,4,5,6,7,8,9,0,11,12,13,14,15,16,17,18,19,20,21,22,23,24,25,26,27,28,29,30,31,0,1,2,3,4,5,6,7,8,9,0,11,12,13,14,15,16,17,18,19,20,21,22,23,24,25,26,27,28,29,30,31
Nthreads: 64  Runtime(sec): 10  Workload: 0/50/50  Throughput(Kops/sec): 198.66
MT_CONF=0,1,2,3,4,5,6,7,8,9,0,11,12,13,14,15,16,17,18,19,20,21,22,23,24,25,26,27,28,29,30,31,0,1,2,3,4,5,6,7,8,9,0,11,12,13,14,15,16,17,18,19,20,21,22,23,24,25,26,27,28,29,30,31,0,1,2,3,4,5,6,7,8,9,0,11,12,13,14,15,16,17,18,19,20,21,22,23,24,25,26,27,28,29,30,31,0,1,2,3,4,5,6,7,8,9,0,11,12,13,14,15,16,17,18,19,20,21,22,23,24,25,26,27,28,29,30,31
Nthreads: 128  Runtime(sec): 10  Workload: 0/50/50  Throughput(Kops/sec): 85.83
MT_CONF=0
Nthreads: 1  Runtime(sec): 10  Workload: 100/0/0  Throughput(Kops/sec): 152.49
MT_CONF=0,1
Nthreads: 2  Runtime(sec): 10  Workload: 100/0/0  Throughput(Kops/sec): 262.97
MT_CONF=0,1,2,3
Nthreads: 4  Runtime(sec): 10  Workload: 100/0/0  Throughput(Kops/sec): 582.24
MT_CONF=0,1,2,3,4,5,6,7
Nthreads: 8  Runtime(sec): 10  Workload: 100/0/0  Throughput(Kops/sec): 1072.96
MT_CONF=0,1,2,3,4,5,6,7,8,9,10,11,12,13,14,15
Nthreads: 16  Runtime(sec): 10  Workload: 100/0/0  Throughput(Kops/sec): 1941.57
MT_CONF=0,1,2,3,4,5,6,7,8,9,10,11,12,13,14,15,16,17,18,19,20,21,22,23,24,25,26,27,28,29,30,31
Nthreads: 32  Runtime(sec): 10  Workload: 100/0/0  Throughput(Kops/sec): 4289.87
MT_CONF=0,1,2,3,4,5,6,7,8,9,0,11,12,13,14,15,16,17,18,19,20,21,22,23,24,25,26,27,28,29,30,31,0,1,2,3,4,5,6,7,8,9,0,11,12,13,14,15,16,17,18,19,20,21,22,23,24,25,26,27,28,29,30,31
Nthreads: 64  Runtime(sec): 10  Workload: 100/0/0  Throughput(Kops/sec): 4166.27
MT_CONF=0,1,2,3,4,5,6,7,8,9,0,11,12,13,14,15,16,17,18,19,20,21,22,23,24,25,26,27,28,29,30,31,0,1,2,3,4,5,6,7,8,9,0,11,12,13,14,15,16,17,18,19,20,21,22,23,24,25,26,27,28,29,30,31,0,1,2,3,4,5,6,7,8,9,0,11,12,13,14,15,16,17,18,19,20,21,22,23,24,25,26,27,28,29,30,31,0,1,2,3,4,5,6,7,8,9,0,11,12,13,14,15,16,17,18,19,20,21,22,23,24,25,26,27,28,29,30,31
Nthreads: 128  Runtime(sec): 10  Workload: 100/0/0  Throughput(Kops/sec): 4174.63
MT_CONF=0
Nthreads: 1  Runtime(sec): 10  Workload: 80/10/10  Throughput(Kops/sec): 59.26
MT_CONF=0,1
Nthreads: 2  Runtime(sec): 10  Workload: 80/10/10  Throughput(Kops/sec): 116.01
MT_CONF=0,1,2,3
Nthreads: 4  Runtime(sec): 10  Workload: 80/10/10  Throughput(Kops/sec): 216.37
MT_CONF=0,1,2,3,4,5,6,7
Nthreads: 8  Runtime(sec): 10  Workload: 80/10/10  Throughput(Kops/sec): 320.69
MT_CONF=0,1,2,3,4,5,6,7,8,9,10,11,12,13,14,15
Nthreads: 16  Runtime(sec): 10  Workload: 80/10/10  Throughput(Kops/sec): 486.14
MT_CONF=0,1,2,3,4,5,6,7,8,9,10,11,12,13,14,15,16,17,18,19,20,21,22,23,24,25,26,27,28,29,30,31
Nthreads: 32  Runtime(sec): 10  Workload: 80/10/10  Throughput(Kops/sec): 842.07
MT_CONF=0,1,2,3,4,5,6,7,8,9,0,11,12,13,14,15,16,17,18,19,20,21,22,23,24,25,26,27,28,29,30,31,0,1,2,3,4,5,6,7,8,9,0,11,12,13,14,15,16,17,18,19,20,21,22,23,24,25,26,27,28,29,30,31
Nthreads: 64  Runtime(sec): 10  Workload: 80/10/10  Throughput(Kops/sec): 684.42
MT_CONF=0,1,2,3,4,5,6,7,8,9,0,11,12,13,14,15,16,17,18,19,20,21,22,23,24,25,26,27,28,29,30,31,0,1,2,3,4,5,6,7,8,9,0,11,12,13,14,15,16,17,18,19,20,21,22,23,24,25,26,27,28,29,30,31,0,1,2,3,4,5,6,7,8,9,0,11,12,13,14,15,16,17,18,19,20,21,22,23,24,25,26,27,28,29,30,31,0,1,2,3,4,5,6,7,8,9,0,11,12,13,14,15,16,17,18,19,20,21,22,23,24,25,26,27,28,29,30,31
Nthreads: 128  Runtime(sec): 10  Workload: 80/10/10  Throughput(Kops/sec): 464.57
MT_CONF=0
Nthreads: 1  Runtime(sec): 10  Workload: 20/40/40  Throughput(Kops/sec): 63.85
MT_CONF=0,1
Nthreads: 2  Runtime(sec): 10  Workload: 20/40/40  Throughput(Kops/sec): 122.79
MT_CONF=0,1,2,3
Nthreads: 4  Runtime(sec): 10  Workload: 20/40/40  Throughput(Kops/sec): 230.53
MT_CONF=0,1,2,3,4,5,6,7
Nthreads: 8  Runtime(sec): 10  Workload: 20/40/40  Throughput(Kops/sec): 338.35
MT_CONF=0,1,2,3,4,5,6,7,8,9,10,11,12,13,14,15
Nthreads: 16  Runtime(sec): 10  Workload: 20/40/40  Throughput(Kops/sec): 506.87
MT_CONF=0,1,2,3,4,5,6,7,8,9,10,11,12,13,14,15,16,17,18,19,20,21,22,23,24,25,26,27,28,29,30,31
Nthreads: 32  Runtime(sec): 10  Workload: 20/40/40  Throughput(Kops/sec): 798.88
MT_CONF=0,1,2,3,4,5,6,7,8,9,0,11,12,13,14,15,16,17,18,19,20,21,22,23,24,25,26,27,28,29,30,31,0,1,2,3,4,5,6,7,8,9,0,11,12,13,14,15,16,17,18,19,20,21,22,23,24,25,26,27,28,29,30,31
Nthreads: 64  Runtime(sec): 10  Workload: 20/40/40  Throughput(Kops/sec): 569.15
MT_CONF=0,1,2,3,4,5,6,7,8,9,0,11,12,13,14,15,16,17,18,19,20,21,22,23,24,25,26,27,28,29,30,31,0,1,2,3,4,5,6,7,8,9,0,11,12,13,14,15,16,17,18,19,20,21,22,23,24,25,26,27,28,29,30,31,0,1,2,3,4,5,6,7,8,9,0,11,12,13,14,15,16,17,18,19,20,21,22,23,24,25,26,27,28,29,30,31,0,1,2,3,4,5,6,7,8,9,0,11,12,13,14,15,16,17,18,19,20,21,22,23,24,25,26,27,28,29,30,31
Nthreads: 128  Runtime(sec): 10  Workload: 20/40/40  Throughput(Kops/sec): 375.42
MT_CONF=0
Nthreads: 1  Runtime(sec): 10  Workload: 0/50/50  Throughput(Kops/sec): 65.97
MT_CONF=0,1
Nthreads: 2  Runtime(sec): 10  Workload: 0/50/50  Throughput(Kops/sec): 126.37
MT_CONF=0,1,2,3
Nthreads: 4  Runtime(sec): 10  Workload: 0/50/50  Throughput(Kops/sec): 236.86
MT_CONF=0,1,2,3,4,5,6,7
Nthreads: 8  Runtime(sec): 10  Workload: 0/50/50  Throughput(Kops/sec): 350.09
MT_CONF=0,1,2,3,4,5,6,7,8,9,10,11,12,13,14,15
Nthreads: 16  Runtime(sec): 10  Workload: 0/50/50  Throughput(Kops/sec): 486.92
MT_CONF=0,1,2,3,4,5,6,7,8,9,10,11,12,13,14,15,16,17,18,19,20,21,22,23,24,25,26,27,28,29,30,31
Nthreads: 32  Runtime(sec): 10  Workload: 0/50/50  Throughput(Kops/sec): 780.69
MT_CONF=0,1,2,3,4,5,6,7,8,9,0,11,12,13,14,15,16,17,18,19,20,21,22,23,24,25,26,27,28,29,30,31,0,1,2,3,4,5,6,7,8,9,0,11,12,13,14,15,16,17,18,19,20,21,22,23,24,25,26,27,28,29,30,31
Nthreads: 64  Runtime(sec): 10  Workload: 0/50/50  Throughput(Kops/sec): 527.09
MT_CONF=0,1,2,3,4,5,6,7,8,9,0,11,12,13,14,15,16,17,18,19,20,21,22,23,24,25,26,27,28,29,30,31,0,1,2,3,4,5,6,7,8,9,0,11,12,13,14,15,16,17,18,19,20,21,22,23,24,25,26,27,28,29,30,31,0,1,2,3,4,5,6,7,8,9,0,11,12,13,14,15,16,17,18,19,20,21,22,23,24,25,26,27,28,29,30,31,0,1,2,3,4,5,6,7,8,9,0,11,12,13,14,15,16,17,18,19,20,21,22,23,24,25,26,27,28,29,30,31
Nthreads: 128  Runtime(sec): 10  Workload: 0/50/50  Throughput(Kops/sec): 340.99
