MT_CONF=0
Nthreads: 1  Runtime(sec): 10  Workload: 100/0/0  Throughput(Kops/sec): 642.23
MT_CONF=0,1
Nthreads: 2  Runtime(sec): 10  Workload: 100/0/0  Throughput(Kops/sec): 681.45
MT_CONF=0,1,2,3
Nthreads: 4  Runtime(sec): 10  Workload: 100/0/0  Throughput(Kops/sec): 762.38
MT_CONF=0,1,2,3,4,5,6,7
Nthreads: 8  Runtime(sec): 10  Workload: 100/0/0  Throughput(Kops/sec): 687.43
MT_CONF=0,1,2,3,4,5,6,7,8,9,10,11,12,13,14,15
Nthreads: 16  Runtime(sec): 10  Workload: 100/0/0  Throughput(Kops/sec): 204.92
MT_CONF=0,1,2,3,4,5,6,7,8,9,10,11,12,13,14,15,16,17,18,19,20,21,22,23,24,25,26,27,28,29,30,31
Nthreads: 32  Runtime(sec): 10  Workload: 100/0/0  Throughput(Kops/sec): 184.30
MT_CONF=0,1,2,3,4,5,6,7,8,9,0,11,12,13,14,15,16,17,18,19,20,21,22,23,24,25,26,27,28,29,30,31,0,1,2,3,4,5,6,7,8,9,0,11,12,13,14,15,16,17,18,19,20,21,22,23,24,25,26,27,28,29,30,31
Nthreads: 64  Runtime(sec): 10  Workload: 100/0/0  Throughput(Kops/sec): 120.97
MT_CONF=0,1,2,3,4,5,6,7,8,9,0,11,12,13,14,15,16,17,18,19,20,21,22,23,24,25,26,27,28,29,30,31,0,1,2,3,4,5,6,7,8,9,0,11,12,13,14,15,16,17,18,19,20,21,22,23,24,25,26,27,28,29,30,31,0,1,2,3,4,5,6,7,8,9,0,11,12,13,14,15,16,17,18,19,20,21,22,23,24,25,26,27,28,29,30,31,0,1,2,3,4,5,6,7,8,9,0,11,12,13,14,15,16,17,18,19,20,21,22,23,24,25,26,27,28,29,30,31
Nthreads: 128  Runtime(sec): 10  Workload: 100/0/0  Throughput(Kops/sec): 70.83
MT_CONF=0
Nthreads: 1  Runtime(sec): 10  Workload: 80/10/10  Throughput(Kops/sec): 898.97
MT_CONF=0,1
Nthreads: 2  Runtime(sec): 10  Workload: 80/10/10  Throughput(Kops/sec): 802.93
MT_CONF=0,1,2,3
Nthreads: 4  Runtime(sec): 10  Workload: 80/10/10  Throughput(Kops/sec): 644.65
MT_CONF=0,1,2,3,4,5,6,7
Nthreads: 8  Runtime(sec): 10  Workload: 80/10/10  Throughput(Kops/sec): 812.58
MT_CONF=0,1,2,3,4,5,6,7,8,9,10,11,12,13,14,15
Nthreads: 16  Runtime(sec): 10  Workload: 80/10/10  Throughput(Kops/sec): 509.25
MT_CONF=0,1,2,3,4,5,6,7,8,9,10,11,12,13,14,15,16,17,18,19,20,21,22,23,24,25,26,27,28,29,30,31
Nthreads: 32  Runtime(sec): 10  Workload: 80/10/10  Throughput(Kops/sec): 1563.58
MT_CONF=0,1,2,3,4,5,6,7,8,9,0,11,12,13,14,15,16,17,18,19,20,21,22,23,24,25,26,27,28,29,30,31,0,1,2,3,4,5,6,7,8,9,0,11,12,13,14,15,16,17,18,19,20,21,22,23,24,25,26,27,28,29,30,31
Nthreads: 64  Runtime(sec): 10  Workload: 80/10/10  Throughput(Kops/sec): 182.97
MT_CONF=0,1,2,3,4,5,6,7,8,9,0,11,12,13,14,15,16,17,18,19,20,21,22,23,24,25,26,27,28,29,30,31,0,1,2,3,4,5,6,7,8,9,0,11,12,13,14,15,16,17,18,19,20,21,22,23,24,25,26,27,28,29,30,31,0,1,2,3,4,5,6,7,8,9,0,11,12,13,14,15,16,17,18,19,20,21,22,23,24,25,26,27,28,29,30,31,0,1,2,3,4,5,6,7,8,9,0,11,12,13,14,15,16,17,18,19,20,21,22,23,24,25,26,27,28,29,30,31
Nthreads: 128  Runtime(sec): 10  Workload: 80/10/10  Throughput(Kops/sec): 94.94
MT_CONF=0
Nthreads: 1  Runtime(sec): 10  Workload: 20/40/40  Throughput(Kops/sec): 879.92
MT_CONF=0,1
Nthreads: 2  Runtime(sec): 10  Workload: 20/40/40  Throughput(Kops/sec): 813.54
MT_CONF=0,1,2,3
Nthreads: 4  Runtime(sec): 10  Workload: 20/40/40  Throughput(Kops/sec): 657.95
MT_CONF=0,1,2,3,4,5,6,7
Nthreads: 8  Runtime(sec): 10  Workload: 20/40/40  Throughput(Kops/sec): 852.96
MT_CONF=0,1,2,3,4,5,6,7,8,9,10,11,12,13,14,15
Nthreads: 16  Runtime(sec): 10  Workload: 20/40/40  Throughput(Kops/sec): 538.66
MT_CONF=0,1,2,3,4,5,6,7,8,9,10,11,12,13,14,15,16,17,18,19,20,21,22,23,24,25,26,27,28,29,30,31
Nthreads: 32  Runtime(sec): 10  Workload: 20/40/40  Throughput(Kops/sec): 1683.66
MT_CONF=0,1,2,3,4,5,6,7,8,9,0,11,12,13,14,15,16,17,18,19,20,21,22,23,24,25,26,27,28,29,30,31,0,1,2,3,4,5,6,7,8,9,0,11,12,13,14,15,16,17,18,19,20,21,22,23,24,25,26,27,28,29,30,31
Nthreads: 64  Runtime(sec): 10  Workload: 20/40/40  Throughput(Kops/sec): 167.40
MT_CONF=0,1,2,3,4,5,6,7,8,9,0,11,12,13,14,15,16,17,18,19,20,21,22,23,24,25,26,27,28,29,30,31,0,1,2,3,4,5,6,7,8,9,0,11,12,13,14,15,16,17,18,19,20,21,22,23,24,25,26,27,28,29,30,31,0,1,2,3,4,5,6,7,8,9,0,11,12,13,14,15,16,17,18,19,20,21,22,23,24,25,26,27,28,29,30,31,0,1,2,3,4,5,6,7,8,9,0,11,12,13,14,15,16,17,18,19,20,21,22,23,24,25,26,27,28,29,30,31
Nthreads: 128  Runtime(sec): 10  Workload: 20/40/40  Throughput(Kops/sec): 81.94
MT_CONF=0
Nthreads: 1  Runtime(sec): 10  Workload: 0/50/50  Throughput(Kops/sec): 880.04
MT_CONF=0,1
Nthreads: 2  Runtime(sec): 10  Workload: 0/50/50  Throughput(Kops/sec): 805.31
MT_CONF=0,1,2,3
Nthreads: 4  Runtime(sec): 10  Workload: 0/50/50  Throughput(Kops/sec): 663.28
MT_CONF=0,1,2,3,4,5,6,7
Nthreads: 8  Runtime(sec): 10  Workload: 0/50/50  Throughput(Kops/sec): 856.61
MT_CONF=0,1,2,3,4,5,6,7,8,9,10,11,12,13,14,15
Nthreads: 16  Runtime(sec): 10  Workload: 0/50/50  Throughput(Kops/sec): 541.97
MT_CONF=0,1,2,3,4,5,6,7,8,9,10,11,12,13,14,15,16,17,18,19,20,21,22,23,24,25,26,27,28,29,30,31
Nthreads: 32  Runtime(sec): 10  Workload: 0/50/50  Throughput(Kops/sec): 1698.47
MT_CONF=0,1,2,3,4,5,6,7,8,9,0,11,12,13,14,15,16,17,18,19,20,21,22,23,24,25,26,27,28,29,30,31,0,1,2,3,4,5,6,7,8,9,0,11,12,13,14,15,16,17,18,19,20,21,22,23,24,25,26,27,28,29,30,31
Nthreads: 64  Runtime(sec): 10  Workload: 0/50/50  Throughput(Kops/sec): 160.88
MT_CONF=0,1,2,3,4,5,6,7,8,9,0,11,12,13,14,15,16,17,18,19,20,21,22,23,24,25,26,27,28,29,30,31,0,1,2,3,4,5,6,7,8,9,0,11,12,13,14,15,16,17,18,19,20,21,22,23,24,25,26,27,28,29,30,31,0,1,2,3,4,5,6,7,8,9,0,11,12,13,14,15,16,17,18,19,20,21,22,23,24,25,26,27,28,29,30,31,0,1,2,3,4,5,6,7,8,9,0,11,12,13,14,15,16,17,18,19,20,21,22,23,24,25,26,27,28,29,30,31
Nthreads: 128  Runtime(sec): 10  Workload: 0/50/50  Throughput(Kops/sec): 75.69
MT_CONF=0
Nthreads: 1  Runtime(sec): 10  Workload: 100/0/0  Throughput(Kops/sec): 71.65
MT_CONF=0,1
Nthreads: 2  Runtime(sec): 10  Workload: 100/0/0  Throughput(Kops/sec): 94.49
MT_CONF=0,1,2,3
Nthreads: 4  Runtime(sec): 10  Workload: 100/0/0  Throughput(Kops/sec): 129.82
MT_CONF=0,1,2,3,4,5,6,7
Nthreads: 8  Runtime(sec): 10  Workload: 100/0/0  Throughput(Kops/sec): 134.12
MT_CONF=0,1,2,3,4,5,6,7,8,9,10,11,12,13,14,15
Nthreads: 16  Runtime(sec): 10  Workload: 100/0/0  Throughput(Kops/sec): 80.15
MT_CONF=0,1,2,3,4,5,6,7,8,9,10,11,12,13,14,15,16,17,18,19,20,21,22,23,24,25,26,27,28,29,30,31
Nthreads: 32  Runtime(sec): 10  Workload: 100/0/0  Throughput(Kops/sec): 87.72
MT_CONF=0,1,2,3,4,5,6,7,8,9,0,11,12,13,14,15,16,17,18,19,20,21,22,23,24,25,26,27,28,29,30,31,0,1,2,3,4,5,6,7,8,9,0,11,12,13,14,15,16,17,18,19,20,21,22,23,24,25,26,27,28,29,30,31
Nthreads: 64  Runtime(sec): 10  Workload: 100/0/0  Throughput(Kops/sec): 56.62
MT_CONF=0,1,2,3,4,5,6,7,8,9,0,11,12,13,14,15,16,17,18,19,20,21,22,23,24,25,26,27,28,29,30,31,0,1,2,3,4,5,6,7,8,9,0,11,12,13,14,15,16,17,18,19,20,21,22,23,24,25,26,27,28,29,30,31,0,1,2,3,4,5,6,7,8,9,0,11,12,13,14,15,16,17,18,19,20,21,22,23,24,25,26,27,28,29,30,31,0,1,2,3,4,5,6,7,8,9,0,11,12,13,14,15,16,17,18,19,20,21,22,23,24,25,26,27,28,29,30,31
Nthreads: 128  Runtime(sec): 10  Workload: 100/0/0  Throughput(Kops/sec): 27.57
MT_CONF=0
Nthreads: 1  Runtime(sec): 10  Workload: 80/10/10  Throughput(Kops/sec): 32.41
MT_CONF=0,1
Nthreads: 2  Runtime(sec): 10  Workload: 80/10/10  Throughput(Kops/sec): 61.16
MT_CONF=0,1,2,3
Nthreads: 4  Runtime(sec): 10  Workload: 80/10/10  Throughput(Kops/sec): 110.63
MT_CONF=0,1,2,3,4,5,6,7
Nthreads: 8  Runtime(sec): 10  Workload: 80/10/10  Throughput(Kops/sec): 162.16
MT_CONF=0,1,2,3,4,5,6,7,8,9,10,11,12,13,14,15
Nthreads: 16  Runtime(sec): 10  Workload: 80/10/10  Throughput(Kops/sec): 230.05
MT_CONF=0,1,2,3,4,5,6,7,8,9,10,11,12,13,14,15,16,17,18,19,20,21,22,23,24,25,26,27,28,29,30,31
Nthreads: 32  Runtime(sec): 10  Workload: 80/10/10  Throughput(Kops/sec): 370.79
MT_CONF=0,1,2,3,4,5,6,7,8,9,0,11,12,13,14,15,16,17,18,19,20,21,22,23,24,25,26,27,28,29,30,31,0,1,2,3,4,5,6,7,8,9,0,11,12,13,14,15,16,17,18,19,20,21,22,23,24,25,26,27,28,29,30,31
Nthreads: 64  Runtime(sec): 10  Workload: 80/10/10  Throughput(Kops/sec): 213.14
MT_CONF=0,1,2,3,4,5,6,7,8,9,0,11,12,13,14,15,16,17,18,19,20,21,22,23,24,25,26,27,28,29,30,31,0,1,2,3,4,5,6,7,8,9,0,11,12,13,14,15,16,17,18,19,20,21,22,23,24,25,26,27,28,29,30,31,0,1,2,3,4,5,6,7,8,9,0,11,12,13,14,15,16,17,18,19,20,21,22,23,24,25,26,27,28,29,30,31,0,1,2,3,4,5,6,7,8,9,0,11,12,13,14,15,16,17,18,19,20,21,22,23,24,25,26,27,28,29,30,31
Nthreads: 128  Runtime(sec): 10  Workload: 80/10/10  Throughput(Kops/sec): 127.86
MT_CONF=0
Nthreads: 1  Runtime(sec): 10  Workload: 20/40/40  Throughput(Kops/sec): 31.67
MT_CONF=0,1
Nthreads: 2  Runtime(sec): 10  Workload: 20/40/40  Throughput(Kops/sec): 61.71
MT_CONF=0,1,2,3
Nthreads: 4  Runtime(sec): 10  Workload: 20/40/40  Throughput(Kops/sec): 113.75
MT_CONF=0,1,2,3,4,5,6,7
Nthreads: 8  Runtime(sec): 10  Workload: 20/40/40  Throughput(Kops/sec): 162.50
MT_CONF=0,1,2,3,4,5,6,7,8,9,10,11,12,13,14,15
Nthreads: 16  Runtime(sec): 10  Workload: 20/40/40  Throughput(Kops/sec): 234.90
MT_CONF=0,1,2,3,4,5,6,7,8,9,10,11,12,13,14,15,16,17,18,19,20,21,22,23,24,25,26,27,28,29,30,31
Nthreads: 32  Runtime(sec): 10  Workload: 20/40/40  Throughput(Kops/sec): 373.08
MT_CONF=0,1,2,3,4,5,6,7,8,9,0,11,12,13,14,15,16,17,18,19,20,21,22,23,24,25,26,27,28,29,30,31,0,1,2,3,4,5,6,7,8,9,0,11,12,13,14,15,16,17,18,19,20,21,22,23,24,25,26,27,28,29,30,31
Nthreads: 64  Runtime(sec): 10  Workload: 20/40/40  Throughput(Kops/sec): 229.69
MT_CONF=0,1,2,3,4,5,6,7,8,9,0,11,12,13,14,15,16,17,18,19,20,21,22,23,24,25,26,27,28,29,30,31,0,1,2,3,4,5,6,7,8,9,0,11,12,13,14,15,16,17,18,19,20,21,22,23,24,25,26,27,28,29,30,31,0,1,2,3,4,5,6,7,8,9,0,11,12,13,14,15,16,17,18,19,20,21,22,23,24,25,26,27,28,29,30,31,0,1,2,3,4,5,6,7,8,9,0,11,12,13,14,15,16,17,18,19,20,21,22,23,24,25,26,27,28,29,30,31
Nthreads: 128  Runtime(sec): 10  Workload: 20/40/40  Throughput(Kops/sec): 131.81
MT_CONF=0
Nthreads: 1  Runtime(sec): 10  Workload: 0/50/50  Throughput(Kops/sec): 30.47
MT_CONF=0,1
Nthreads: 2  Runtime(sec): 10  Workload: 0/50/50  Throughput(Kops/sec): 60.37
MT_CONF=0,1,2,3
Nthreads: 4  Runtime(sec): 10  Workload: 0/50/50  Throughput(Kops/sec): 112.98
MT_CONF=0,1,2,3,4,5,6,7
Nthreads: 8  Runtime(sec): 10  Workload: 0/50/50  Throughput(Kops/sec): 166.42
MT_CONF=0,1,2,3,4,5,6,7,8,9,10,11,12,13,14,15
Nthreads: 16  Runtime(sec): 10  Workload: 0/50/50  Throughput(Kops/sec): 237.88
MT_CONF=0,1,2,3,4,5,6,7,8,9,10,11,12,13,14,15,16,17,18,19,20,21,22,23,24,25,26,27,28,29,30,31
Nthreads: 32  Runtime(sec): 10  Workload: 0/50/50  Throughput(Kops/sec): 382.14
MT_CONF=0,1,2,3,4,5,6,7,8,9,0,11,12,13,14,15,16,17,18,19,20,21,22,23,24,25,26,27,28,29,30,31,0,1,2,3,4,5,6,7,8,9,0,11,12,13,14,15,16,17,18,19,20,21,22,23,24,25,26,27,28,29,30,31
Nthreads: 64  Runtime(sec): 10  Workload: 0/50/50  Throughput(Kops/sec): 229.69
MT_CONF=0,1,2,3,4,5,6,7,8,9,0,11,12,13,14,15,16,17,18,19,20,21,22,23,24,25,26,27,28,29,30,31,0,1,2,3,4,5,6,7,8,9,0,11,12,13,14,15,16,17,18,19,20,21,22,23,24,25,26,27,28,29,30,31,0,1,2,3,4,5,6,7,8,9,0,11,12,13,14,15,16,17,18,19,20,21,22,23,24,25,26,27,28,29,30,31,0,1,2,3,4,5,6,7,8,9,0,11,12,13,14,15,16,17,18,19,20,21,22,23,24,25,26,27,28,29,30,31
Nthreads: 128  Runtime(sec): 10  Workload: 0/50/50  Throughput(Kops/sec): 129.15
