
~~~~~~~~~~~~~~~~~~~~~~~~~~~~~~~~~~~~~~~~~~~~~~~~~~~~~~~~~~~~~~~~~~~~~~~~~~~~~~~~

dataset_size = 32.00 MB    numObjs = 262144    numCoords = 16    numClusters = 16
Initial cluster centers:
clusters[0] =   0.00   8.00   8.35   1.07   7.63   6.35   4.28  10.00   6.72   3.34   2.51   5.59   2.44   3.35   5.44   2.78
clusters[1] =   1.06   3.44   4.49   5.51   1.72   6.81   2.74   0.34   9.66   5.11   3.94   8.26   0.26   8.72   2.65   0.79
clusters[2] =   1.09   5.65   8.40   5.51   1.24   2.93   6.59   1.55   0.63   7.55   5.17   7.26   1.66   8.13   1.58   5.64
clusters[3] =   2.19   3.31   8.45   9.95   4.84   9.53   8.89   3.10   4.54   1.75   7.82   8.93   0.88   2.90   7.73   8.51
clusters[4] =   2.22   5.52   2.35   9.95   4.36   5.66   2.74   4.31   5.50   4.19   9.05   7.92   2.28   2.31   6.67   3.35
clusters[5] =   3.28   0.97   8.50   4.40   8.45   6.13   1.20   4.66   8.45   5.95   0.48   0.60   0.11   7.68   3.88   1.37
clusters[6] =   3.32   3.19   2.41   4.40   7.96   2.26   5.05   5.86   9.41   8.38   1.70   9.59   1.50   7.08   2.82   6.21
clusters[7] =   4.40   0.84   2.46   8.84   1.56   8.85   7.35   7.42   3.32   2.59   4.35   1.26   0.73   1.86   8.96   9.07
clusters[8] =   4.43   3.06   6.37   8.84   1.07   4.98   1.20   8.62   4.28   5.03   5.57   0.26   2.12   1.26   7.90   3.92
clusters[9] =   5.53   0.72   6.42   3.29   4.68   1.58   3.51   0.18   8.19   9.23   8.23   1.93   1.34   6.04   4.04   6.79
clusters[10] =   6.62   8.38   6.47   7.73   8.29   8.17   5.81   1.73   2.10   3.43   0.88   3.60   0.57   0.81   0.19   9.65
clusters[11] =   6.66   0.59   0.38   7.73   7.80   4.30   9.67   2.93   3.07   5.87   2.11   2.59   1.97   0.22   9.12   4.50
clusters[12] =   7.75   8.25   0.42   2.18   1.40   0.90   1.97   4.48   6.97   0.07   4.76   4.26   1.19   4.99   5.27   7.36
clusters[13] =   8.84   5.90   0.48   6.62   5.01   7.49   4.28   6.03   0.88   4.27   7.41   5.93   0.41   9.77   1.42   0.22
clusters[14] =   8.87   8.12   4.39   6.62   4.52   3.62   8.13   7.24   1.85   6.71   8.63   4.92   1.81   9.17   0.35   5.07
clusters[15] =   9.97   5.78   4.44   1.06   8.12   0.21   0.43   8.79   5.76   0.90   1.29   6.59   1.04   3.95   6.50   7.93

OpenMP Kmeans - Naive-critical	(number of threads: 64)
	completed loop 1	completed loop 2	completed loop 3	completed loop 4	completed loop 5	completed loop 6	completed loop 7	completed loop 8	completed loop 9	completed loop 10
        nloops =  10   (total =  5.4543s)  (per loop =  0.5454s)

Final cluster centers:
clusters[0] =   3.13   6.79   6.44   2.61   6.22   6.21   6.23   6.97   5.73   4.61   5.20   4.94   5.40   3.60   5.28   3.43 
clusters[1] =   4.95   4.76   5.20   4.92   2.56   6.76   4.72   3.39   7.53   4.74   3.80   6.76   4.92   5.89   4.12   3.00 
clusters[2] =   2.92   5.36   6.49   4.09   3.24   3.41   5.48   3.33   2.36   5.88   4.27   6.12   5.08   6.36   4.39   5.26 
clusters[3] =   5.57   3.82   7.13   6.38   5.28   6.24   7.06   3.87   5.58   3.60   6.76   6.94   4.53   4.96   6.49   6.37 
clusters[4] =   3.04   6.44   3.09   7.10   5.96   4.60   3.33   4.44   5.20   4.98   7.20   6.51   5.58   3.71   5.87   4.57 
clusters[5] =   4.37   3.94   6.37   6.15   7.34   5.25   3.81   4.69   5.91   4.30   3.47   2.75   4.62   7.31   5.17   3.41 
clusters[6] =   4.19   4.06   3.26   5.27   6.22   3.80   5.51   6.48   6.93   6.97   3.20   7.02   4.75   5.83   3.96   6.38 
clusters[7] =   3.75   3.37   3.14   5.05   3.29   6.97   6.29   6.78   4.35   4.22   4.75   3.26   4.91   5.37   5.64   7.07 
clusters[8] =   5.17   4.27   6.68   6.78   2.58   4.35   3.16   6.92   4.71   5.95   4.94   3.55   4.88   3.11   5.57   3.79 
clusters[9] =   5.26   3.33   5.38   2.99   5.45   4.25   4.24   3.08   6.40   6.87   7.33   3.22   5.18   4.50   4.67   6.21 
clusters[10] =   5.72   6.81   5.40   6.11   6.13   6.91   4.34   3.35   4.11   4.98   3.29   4.06   4.74   3.24   3.14   7.01 
clusters[11] =   6.05   3.93   3.22   5.32   5.98   4.03   7.29   3.55   3.71   5.31   3.55   4.33   5.49   3.20   6.41   2.93 
clusters[12] =   5.98   7.23   3.13   3.56   3.10   3.09   4.51   4.20   6.27   3.01   4.75   3.72   4.80   5.49   5.66   5.85 
clusters[13] =   6.60   4.58   3.12   3.93   5.15   6.95   3.77   5.45   2.73   4.89   6.51   6.12   4.43   6.56   4.06   3.23 
clusters[14] =   6.81   6.96   5.79   6.39   5.14   3.77   7.08   6.89   4.81   6.02   6.84   4.15   5.49   6.52   3.69   5.04 
clusters[15] =   6.74   4.26   6.22   3.53   6.40   3.39   3.11   6.66   3.83   3.53   4.00   6.77   5.16   4.41   5.92   6.41 
