
~~~~~~~~~~~~~~~~~~~~~~~~~~~~~~~~~~~~~~~~~~~~~~~~~~~~~~~~~~~~~~~~~~~~~~~~~~~~~~~~

dataset_size = 32.00 MB    numObjs = 262144    numCoords = 16    numClusters = 16
Initial cluster centers:
clusters[0] =   0.00   8.00   8.35   1.07   7.63   6.35   4.28  10.00   6.72   3.34   2.51   5.59   2.44   3.35   5.44   2.78
clusters[1] =   1.06   3.44   4.49   5.51   1.72   6.81   2.74   0.34   9.66   5.11   3.94   8.26   0.26   8.72   2.65   0.79
clusters[2] =   1.09   5.65   8.40   5.51   1.24   2.93   6.59   1.55   0.63   7.55   5.17   7.26   1.66   8.13   1.58   5.64
clusters[3] =   2.19   3.31   8.45   9.95   4.84   9.53   8.89   3.10   4.54   1.75   7.82   8.93   0.88   2.90   7.73   8.51
clusters[4] =   2.22   5.52   2.35   9.95   4.36   5.66   2.74   4.31   5.50   4.19   9.05   7.92   2.28   2.31   6.67   3.35
clusters[5] =   3.28   0.97   8.50   4.40   8.45   6.13   1.20   4.66   8.45   5.95   0.48   0.60   0.11   7.68   3.88   1.37
clusters[6] =   3.32   3.19   2.41   4.40   7.96   2.26   5.05   5.86   9.41   8.38   1.70   9.59   1.50   7.08   2.82   6.21
clusters[7] =   4.40   0.84   2.46   8.84   1.56   8.85   7.35   7.42   3.32   2.59   4.35   1.26   0.73   1.86   8.96   9.07
clusters[8] =   4.43   3.06   6.37   8.84   1.07   4.98   1.20   8.62   4.28   5.03   5.57   0.26   2.12   1.26   7.90   3.92
clusters[9] =   5.53   0.72   6.42   3.29   4.68   1.58   3.51   0.18   8.19   9.23   8.23   1.93   1.34   6.04   4.04   6.79
clusters[10] =   6.62   8.38   6.47   7.73   8.29   8.17   5.81   1.73   2.10   3.43   0.88   3.60   0.57   0.81   0.19   9.65
clusters[11] =   6.66   0.59   0.38   7.73   7.80   4.30   9.67   2.93   3.07   5.87   2.11   2.59   1.97   0.22   9.12   4.50
clusters[12] =   7.75   8.25   0.42   2.18   1.40   0.90   1.97   4.48   6.97   0.07   4.76   4.26   1.19   4.99   5.27   7.36
clusters[13] =   8.84   5.90   0.48   6.62   5.01   7.49   4.28   6.03   0.88   4.27   7.41   5.93   0.41   9.77   1.42   0.22
clusters[14] =   8.87   8.12   4.39   6.62   4.52   3.62   8.13   7.24   1.85   6.71   8.63   4.92   1.81   9.17   0.35   5.07
clusters[15] =   9.97   5.78   4.44   1.06   8.12   0.21   0.43   8.79   5.76   0.90   1.29   6.59   1.04   3.95   6.50   7.93

OpenMP Kmeans - Lock (nosync)	(number of threads: 16)
	completed loop 1	completed loop 2	completed loop 3	completed loop 4	completed loop 5	completed loop 6	completed loop 7	completed loop 8	completed loop 9	completed loop 10
        nloops =  10   (total =  0.8207s)  (per loop =  0.0821s)

Final cluster centers:
clusters[0] =   2.45   6.02   5.35   2.27   5.17   5.30   5.31   6.32   4.36   3.44   4.43   3.74   4.25   2.63   3.96   2.88 
clusters[1] =   5.03   5.14   5.54   4.87   2.53   6.59   5.04   3.34   7.39   4.37   3.77   6.49   4.53   5.50   4.05   2.95 
clusters[2] =   2.91   4.75   6.51   4.24   2.99   3.54   5.42   2.97   2.21   5.31   4.15   5.91   4.83   6.19   4.52   5.36 
clusters[3] =   4.45   4.83   6.58   5.70   6.74   6.76   7.00   5.78   6.46   5.83   6.70   6.95   5.84   5.73   6.54   6.28 
clusters[4] =   2.78   5.85   3.01   6.78   5.47   3.94   3.21   3.99   4.62   4.21   6.89   6.06   5.03   3.34   5.37   4.01 
clusters[5] =   3.94   3.83   5.94   5.71   7.03   5.00   3.49   4.36   5.57   4.13   3.31   2.58   4.45   6.98   4.85   3.17 
clusters[6] =   3.35   3.73   2.69   4.32   5.56   3.08   4.57   5.93   6.19   6.27   2.95   6.45   4.47   5.21   3.33   5.78 
clusters[7] =   4.19   3.72   3.21   5.29   3.31   6.88   6.28   6.76   4.55   4.22   4.64   3.28   4.85   5.47   5.95   7.04 
clusters[8] =   5.28   4.27   6.55   6.65   2.53   4.57   2.95   6.73   4.74   6.03   4.73   3.61   5.15   3.19   5.84   3.81 
clusters[9] =   5.25   3.07   5.41   2.99   5.03   4.16   4.24   2.90   6.20   6.40   7.11   3.02   4.71   4.09   4.37   5.94 
clusters[10] =   5.64   6.49   5.31   6.07   5.98   6.78   4.40   3.19   4.03   4.79   3.41   4.02   4.67   3.10   2.96   6.87 
clusters[11] =   6.21   3.75   3.38   5.27   5.84   4.12   7.25   3.29   3.88   5.24   3.37   4.37   5.27   3.09   6.54   2.98 
clusters[12] =   6.19   7.05   2.96   3.60   3.01   3.18   4.21   3.45   5.99   3.06   4.64   3.73   4.91   5.54   5.96   6.01 
clusters[13] =   6.64   4.38   3.07   3.93   5.05   6.96   3.58   5.16   2.75   4.91   6.15   6.02   4.49   6.26   4.04   3.29 
clusters[14] =   6.31   6.69   5.12   5.58   4.71   2.98   6.86   6.50   4.55   5.50   6.13   3.71   4.80   5.76   2.96   4.07 
clusters[15] =   6.88   4.73   6.37   3.49   6.19   3.28   3.31   6.40   4.13   3.49   3.90   6.44   4.73   4.24   5.86   5.99 
