
~~~~~~~~~~~~~~~~~~~~~~~~~~~~~~~~~~~~~~~~~~~~~~~~~~~~~~~~~~~~~~~~~~~~~~~~~~~~~~~~

dataset_size = 32.00 MB    numObjs = 262144    numCoords = 16    numClusters = 16
Initial cluster centers:
clusters[0] =   0.00   8.00   8.35   1.07   7.63   6.35   4.28  10.00   6.72   3.34   2.51   5.59   2.44   3.35   5.44   2.78
clusters[1] =   1.06   3.44   4.49   5.51   1.72   6.81   2.74   0.34   9.66   5.11   3.94   8.26   0.26   8.72   2.65   0.79
clusters[2] =   1.09   5.65   8.40   5.51   1.24   2.93   6.59   1.55   0.63   7.55   5.17   7.26   1.66   8.13   1.58   5.64
clusters[3] =   2.19   3.31   8.45   9.95   4.84   9.53   8.89   3.10   4.54   1.75   7.82   8.93   0.88   2.90   7.73   8.51
clusters[4] =   2.22   5.52   2.35   9.95   4.36   5.66   2.74   4.31   5.50   4.19   9.05   7.92   2.28   2.31   6.67   3.35
clusters[5] =   3.28   0.97   8.50   4.40   8.45   6.13   1.20   4.66   8.45   5.95   0.48   0.60   0.11   7.68   3.88   1.37
clusters[6] =   3.32   3.19   2.41   4.40   7.96   2.26   5.05   5.86   9.41   8.38   1.70   9.59   1.50   7.08   2.82   6.21
clusters[7] =   4.40   0.84   2.46   8.84   1.56   8.85   7.35   7.42   3.32   2.59   4.35   1.26   0.73   1.86   8.96   9.07
clusters[8] =   4.43   3.06   6.37   8.84   1.07   4.98   1.20   8.62   4.28   5.03   5.57   0.26   2.12   1.26   7.90   3.92
clusters[9] =   5.53   0.72   6.42   3.29   4.68   1.58   3.51   0.18   8.19   9.23   8.23   1.93   1.34   6.04   4.04   6.79
clusters[10] =   6.62   8.38   6.47   7.73   8.29   8.17   5.81   1.73   2.10   3.43   0.88   3.60   0.57   0.81   0.19   9.65
clusters[11] =   6.66   0.59   0.38   7.73   7.80   4.30   9.67   2.93   3.07   5.87   2.11   2.59   1.97   0.22   9.12   4.50
clusters[12] =   7.75   8.25   0.42   2.18   1.40   0.90   1.97   4.48   6.97   0.07   4.76   4.26   1.19   4.99   5.27   7.36
clusters[13] =   8.84   5.90   0.48   6.62   5.01   7.49   4.28   6.03   0.88   4.27   7.41   5.93   0.41   9.77   1.42   0.22
clusters[14] =   8.87   8.12   4.39   6.62   4.52   3.62   8.13   7.24   1.85   6.71   8.63   4.92   1.81   9.17   0.35   5.07
clusters[15] =   9.97   5.78   4.44   1.06   8.12   0.21   0.43   8.79   5.76   0.90   1.29   6.59   1.04   3.95   6.50   7.93

OpenMP Kmeans - Lock (nosync)	(number of threads: 64)
	completed loop 1	completed loop 2	completed loop 3	completed loop 4	completed loop 5	completed loop 6	completed loop 7	completed loop 8	completed loop 9	completed loop 10
        nloops =  10   (total =  0.9597s)  (per loop =  0.0960s)

Final cluster centers:
clusters[0] =   1.94   5.14   4.96   2.06   4.86   5.22   5.07   6.46   4.31   3.26   4.45   3.90   4.61   2.64   3.89   2.86 
clusters[1] =   4.97   4.72   5.66   4.78   2.64   5.98   5.21   3.45   7.15   3.85   4.18   6.43   4.20   5.39   4.05   2.94 
clusters[2] =   3.05   4.95   6.24   4.23   3.20   3.81   5.50   3.15   2.21   5.26   4.63   5.97   5.01   6.19   4.86   5.82 
clusters[3] =   5.32   5.29   6.83   5.90   7.74   7.37   7.67   7.28   7.38   7.54   7.23   7.16   6.96   6.57   7.02   6.85 
clusters[4] =   3.09   5.71   3.41   6.48   5.81   4.32   3.72   4.21   5.01   4.54   6.89   6.14   5.11   3.19   6.05   4.48 
clusters[5] =   3.93   4.25   5.95   5.21   6.91   5.03   3.85   4.61   5.47   4.55   3.62   2.59   4.92   7.14   5.69   3.81 
clusters[6] =   3.75   3.91   3.02   4.36   5.64   3.18   4.93   6.06   6.25   6.39   3.21   6.50   5.04   5.63   3.50   6.13 
clusters[7] =   5.12   4.07   3.75   5.37   3.27   6.73   6.52   6.69   4.63   4.15   4.83   3.47   4.62   4.93   5.89   6.89 
clusters[8] =   4.78   4.17   6.04   6.38   2.43   4.00   2.62   6.51   4.25   6.06   4.22   3.42   4.85   3.12   5.25   3.38 
clusters[9] =   5.33   2.86   5.38   3.13   4.59   4.02   4.22   2.81   6.03   6.27   6.72   3.02   4.32   3.58   3.76   5.79 
clusters[10] =   5.06   6.29   5.01   5.65   5.63   6.28   4.22   2.89   3.89   4.28   2.94   3.74   3.98   2.62   2.58   6.12 
clusters[11] =   5.57   3.34   3.14   4.73   5.32   3.89   6.89   2.76   3.62   4.93   2.92   4.03   4.97   2.90   6.27   2.74 
clusters[12] =   5.73   6.92   3.00   3.50   3.15   3.26   3.45   3.34   6.01   3.30   4.37   3.42   5.24   5.64   5.85   5.83 
clusters[13] =   6.39   4.53   3.01   3.89   5.08   6.74   3.40   4.96   2.57   4.89   5.57   5.62   4.20   5.98   3.64   3.08 
clusters[14] =   6.10   6.46   4.32   4.87   4.17   2.39   6.47   5.83   3.78   4.61   5.57   3.09   3.91   4.79   2.52   3.27 
clusters[15] =   6.70   3.98   5.77   3.20   5.61   2.89   3.21   5.78   3.65   2.71   3.65   6.03   3.91   3.24   5.16   5.29 
