
~~~~~~~~~~~~~~~~~~~~~~~~~~~~~~~~~~~~~~~~~~~~~~~~~~~~~~~~~~~~~~~~~~~~~~~~~~~~~~~~

dataset_size = 32.00 MB    numObjs = 262144    numCoords = 16    numClusters = 16
Initial cluster centers:
clusters[0] =   0.00   8.00   8.35   1.07   7.63   6.35   4.28  10.00   6.72   3.34   2.51   5.59   2.44   3.35   5.44   2.78
clusters[1] =   1.06   3.44   4.49   5.51   1.72   6.81   2.74   0.34   9.66   5.11   3.94   8.26   0.26   8.72   2.65   0.79
clusters[2] =   1.09   5.65   8.40   5.51   1.24   2.93   6.59   1.55   0.63   7.55   5.17   7.26   1.66   8.13   1.58   5.64
clusters[3] =   2.19   3.31   8.45   9.95   4.84   9.53   8.89   3.10   4.54   1.75   7.82   8.93   0.88   2.90   7.73   8.51
clusters[4] =   2.22   5.52   2.35   9.95   4.36   5.66   2.74   4.31   5.50   4.19   9.05   7.92   2.28   2.31   6.67   3.35
clusters[5] =   3.28   0.97   8.50   4.40   8.45   6.13   1.20   4.66   8.45   5.95   0.48   0.60   0.11   7.68   3.88   1.37
clusters[6] =   3.32   3.19   2.41   4.40   7.96   2.26   5.05   5.86   9.41   8.38   1.70   9.59   1.50   7.08   2.82   6.21
clusters[7] =   4.40   0.84   2.46   8.84   1.56   8.85   7.35   7.42   3.32   2.59   4.35   1.26   0.73   1.86   8.96   9.07
clusters[8] =   4.43   3.06   6.37   8.84   1.07   4.98   1.20   8.62   4.28   5.03   5.57   0.26   2.12   1.26   7.90   3.92
clusters[9] =   5.53   0.72   6.42   3.29   4.68   1.58   3.51   0.18   8.19   9.23   8.23   1.93   1.34   6.04   4.04   6.79
clusters[10] =   6.62   8.38   6.47   7.73   8.29   8.17   5.81   1.73   2.10   3.43   0.88   3.60   0.57   0.81   0.19   9.65
clusters[11] =   6.66   0.59   0.38   7.73   7.80   4.30   9.67   2.93   3.07   5.87   2.11   2.59   1.97   0.22   9.12   4.50
clusters[12] =   7.75   8.25   0.42   2.18   1.40   0.90   1.97   4.48   6.97   0.07   4.76   4.26   1.19   4.99   5.27   7.36
clusters[13] =   8.84   5.90   0.48   6.62   5.01   7.49   4.28   6.03   0.88   4.27   7.41   5.93   0.41   9.77   1.42   0.22
clusters[14] =   8.87   8.12   4.39   6.62   4.52   3.62   8.13   7.24   1.85   6.71   8.63   4.92   1.81   9.17   0.35   5.07
clusters[15] =   9.97   5.78   4.44   1.06   8.12   0.21   0.43   8.79   5.76   0.90   1.29   6.59   1.04   3.95   6.50   7.93

OpenMP Kmeans - Lock (nosync)	(number of threads: 32)
	completed loop 1	completed loop 2	completed loop 3	completed loop 4	completed loop 5	completed loop 6	completed loop 7	completed loop 8	completed loop 9	completed loop 10
        nloops =  10   (total =  1.5579s)  (per loop =  0.1558s)

Final cluster centers:
clusters[0] =   2.24   5.68   5.67   2.33   5.52   5.54   5.33   6.55   4.64   3.58   4.59   4.22   4.64   2.81   4.31   2.92 
clusters[1] =   5.04   4.68   5.65   5.04   2.62   6.40   5.31   3.36   7.28   3.98   4.14   6.51   4.16   5.42   3.84   3.01 
clusters[2] =   3.17   5.13   6.65   4.29   3.16   3.90   5.54   3.23   2.41   5.73   4.57   6.40   5.19   6.37   5.01   5.67 
clusters[3] =   5.32   5.11   6.57   5.73   7.24   7.30   7.34   6.84   6.99   6.90   7.08   6.84   6.66   6.57   6.87   6.90 
clusters[4] =   3.00   5.32   3.39   6.93   5.83   4.39   3.64   4.16   4.86   4.45   7.28   6.59   5.51   3.52   5.93   4.57 
clusters[5] =   3.90   3.89   5.98   5.52   6.89   4.93   3.51   4.23   5.46   4.25   3.54   2.59   4.84   7.24   5.36   3.57 
clusters[6] =   3.74   4.26   2.95   4.78   5.86   3.33   4.98   6.20   6.49   6.58   2.93   6.44   4.66   5.46   3.35   5.77 
clusters[7] =   4.27   3.25   3.31   5.28   3.05   6.66   6.39   6.54   4.25   3.80   4.65   3.29   4.46   5.12   5.68   6.77 
clusters[8] =   5.33   4.83   6.41   6.60   2.64   4.43   2.85   6.66   4.79   6.30   4.38   3.51   4.96   3.22   5.71   3.80 
clusters[9] =   4.96   2.87   5.22   2.91   4.71   3.95   4.14   2.78   6.12   6.34   6.71   2.93   4.40   3.65   3.81   5.65 
clusters[10] =   5.13   6.20   5.13   5.90   5.79   6.40   4.31   2.91   3.68   4.26   3.24   3.72   4.22   2.83   2.73   6.45 
clusters[11] =   6.02   3.78   3.33   4.96   5.64   4.03   7.01   3.00   3.76   5.10   3.16   4.27   5.10   3.03   6.55   2.89 
clusters[12] =   5.83   7.24   3.06   3.46   3.25   3.48   3.90   3.71   6.31   3.39   4.65   3.80   5.30   5.63   6.06   5.90 
clusters[13] =   6.50   4.60   2.95   3.74   4.96   6.85   3.27   5.04   2.60   5.07   5.62   5.70   4.25   6.08   3.76   3.14 
clusters[14] =   6.07   6.23   4.64   5.35   4.40   2.70   6.67   5.98   3.79   4.65   6.06   3.15   4.14   5.21   2.61   3.66 
clusters[15] =   6.79   3.95   6.05   3.38   5.87   3.09   3.32   6.02   3.87   2.98   4.01   6.34   4.26   3.75   5.37   5.77 
