
~~~~~~~~~~~~~~~~~~~~~~~~~~~~~~~~~~~~~~~~~~~~~~~~~~~~~~~~~~~~~~~~~~~~~~~~~~~~~~~~

dataset_size = 32.00 MB    numObjs = 262144    numCoords = 16    numClusters = 16
Initial cluster centers:
clusters[0] =   0.00   8.00   8.35   1.07   7.63   6.35   4.28  10.00   6.72   3.34   2.51   5.59   2.44   3.35   5.44   2.78
clusters[1] =   1.06   3.44   4.49   5.51   1.72   6.81   2.74   0.34   9.66   5.11   3.94   8.26   0.26   8.72   2.65   0.79
clusters[2] =   1.09   5.65   8.40   5.51   1.24   2.93   6.59   1.55   0.63   7.55   5.17   7.26   1.66   8.13   1.58   5.64
clusters[3] =   2.19   3.31   8.45   9.95   4.84   9.53   8.89   3.10   4.54   1.75   7.82   8.93   0.88   2.90   7.73   8.51
clusters[4] =   2.22   5.52   2.35   9.95   4.36   5.66   2.74   4.31   5.50   4.19   9.05   7.92   2.28   2.31   6.67   3.35
clusters[5] =   3.28   0.97   8.50   4.40   8.45   6.13   1.20   4.66   8.45   5.95   0.48   0.60   0.11   7.68   3.88   1.37
clusters[6] =   3.32   3.19   2.41   4.40   7.96   2.26   5.05   5.86   9.41   8.38   1.70   9.59   1.50   7.08   2.82   6.21
clusters[7] =   4.40   0.84   2.46   8.84   1.56   8.85   7.35   7.42   3.32   2.59   4.35   1.26   0.73   1.86   8.96   9.07
clusters[8] =   4.43   3.06   6.37   8.84   1.07   4.98   1.20   8.62   4.28   5.03   5.57   0.26   2.12   1.26   7.90   3.92
clusters[9] =   5.53   0.72   6.42   3.29   4.68   1.58   3.51   0.18   8.19   9.23   8.23   1.93   1.34   6.04   4.04   6.79
clusters[10] =   6.62   8.38   6.47   7.73   8.29   8.17   5.81   1.73   2.10   3.43   0.88   3.60   0.57   0.81   0.19   9.65
clusters[11] =   6.66   0.59   0.38   7.73   7.80   4.30   9.67   2.93   3.07   5.87   2.11   2.59   1.97   0.22   9.12   4.50
clusters[12] =   7.75   8.25   0.42   2.18   1.40   0.90   1.97   4.48   6.97   0.07   4.76   4.26   1.19   4.99   5.27   7.36
clusters[13] =   8.84   5.90   0.48   6.62   5.01   7.49   4.28   6.03   0.88   4.27   7.41   5.93   0.41   9.77   1.42   0.22
clusters[14] =   8.87   8.12   4.39   6.62   4.52   3.62   8.13   7.24   1.85   6.71   8.63   4.92   1.81   9.17   0.35   5.07
clusters[15] =   9.97   5.78   4.44   1.06   8.12   0.21   0.43   8.79   5.76   0.90   1.29   6.59   1.04   3.95   6.50   7.93

OpenMP Kmeans - Lock (nosync)	(number of threads: 4)
	completed loop 1	completed loop 2	completed loop 3	completed loop 4	completed loop 5	completed loop 6	completed loop 7	completed loop 8	completed loop 9	completed loop 10
        nloops =  10   (total =  0.3604s)  (per loop =  0.0360s)

Final cluster centers:
clusters[0] =   3.14   6.77   6.45   2.59   6.16   6.21   6.22   6.98   5.72   4.61   5.17   4.97   5.37   3.57   5.24   3.43 
clusters[1] =   5.06   4.71   5.33   4.97   2.55   6.70   4.79   3.41   7.54   4.68   3.87   6.81   4.86   5.86   4.09   3.01 
clusters[2] =   2.94   5.43   6.62   4.22   3.27   3.57   5.54   3.37   2.40   5.89   4.34   6.34   5.20   6.52   4.59   5.47 
clusters[3] =   5.77   4.03   7.15   6.48   5.58   6.46   7.10   4.05   5.78   3.96   6.88   6.94   4.74   5.16   6.64   6.51 
clusters[4] =   3.15   6.50   3.11   7.12   5.97   4.70   3.35   4.49   5.29   5.08   7.19   6.54   5.61   3.72   5.98   4.53 
clusters[5] =   4.45   4.01   6.39   6.17   7.33   5.34   3.79   4.76   5.96   4.46   3.47   2.75   4.72   7.38   5.26   3.46 
clusters[6] =   4.25   4.08   3.23   5.23   6.25   3.76   5.53   6.42   6.94   6.97   3.22   7.05   4.84   5.88   3.95   6.39 
clusters[7] =   3.86   3.40   3.19   5.11   3.30   7.03   6.31   6.81   4.42   4.29   4.77   3.29   4.95   5.44   5.74   7.14 
clusters[8] =   5.07   4.20   6.64   6.77   2.57   4.28   3.16   6.88   4.65   5.87   4.85   3.54   4.84   3.06   5.50   3.76 
clusters[9] =   5.06   3.21   5.30   2.98   5.34   4.13   4.18   3.02   6.28   6.72   7.28   3.16   5.02   4.34   4.49   6.10 
clusters[10] =   5.65   6.72   5.31   6.02   6.08   6.82   4.30   3.31   4.04   4.87   3.28   4.03   4.68   3.14   3.06   6.93 
clusters[11] =   5.79   3.77   3.25   5.19   5.85   3.91   7.24   3.49   3.63   5.07   3.55   4.30   5.36   3.18   6.34   2.89 
clusters[12] =   5.80   7.21   3.10   3.53   3.08   3.09   4.42   4.13   6.24   3.01   4.68   3.70   4.77   5.48   5.69   5.84 
clusters[13] =   6.48   4.50   3.09   3.89   5.10   6.90   3.72   5.43   2.68   4.84   6.42   6.12   4.39   6.52   3.99   3.19 
clusters[14] =   6.81   6.91   5.61   6.22   5.10   3.61   7.05   6.80   4.70   5.96   6.82   3.92   5.42   6.39   3.56   4.91 
clusters[15] =   6.75   4.26   6.23   3.51   6.37   3.37   3.12   6.62   3.84   3.51   4.05   6.76   5.13   4.41   5.96   6.45 
