
~~~~~~~~~~~~~~~~~~~~~~~~~~~~~~~~~~~~~~~~~~~~~~~~~~~~~~~~~~~~~~~~~~~~~~~~~~~~~~~~

dataset_size = 32.00 MB    numObjs = 262144    numCoords = 16    numClusters = 16
Initial cluster centers:
clusters[0] =   0.00   8.00   8.35   1.07   7.63   6.35   4.28  10.00   6.72   3.34   2.51   5.59   2.44   3.35   5.44   2.78
clusters[1] =   1.06   3.44   4.49   5.51   1.72   6.81   2.74   0.34   9.66   5.11   3.94   8.26   0.26   8.72   2.65   0.79
clusters[2] =   1.09   5.65   8.40   5.51   1.24   2.93   6.59   1.55   0.63   7.55   5.17   7.26   1.66   8.13   1.58   5.64
clusters[3] =   2.19   3.31   8.45   9.95   4.84   9.53   8.89   3.10   4.54   1.75   7.82   8.93   0.88   2.90   7.73   8.51
clusters[4] =   2.22   5.52   2.35   9.95   4.36   5.66   2.74   4.31   5.50   4.19   9.05   7.92   2.28   2.31   6.67   3.35
clusters[5] =   3.28   0.97   8.50   4.40   8.45   6.13   1.20   4.66   8.45   5.95   0.48   0.60   0.11   7.68   3.88   1.37
clusters[6] =   3.32   3.19   2.41   4.40   7.96   2.26   5.05   5.86   9.41   8.38   1.70   9.59   1.50   7.08   2.82   6.21
clusters[7] =   4.40   0.84   2.46   8.84   1.56   8.85   7.35   7.42   3.32   2.59   4.35   1.26   0.73   1.86   8.96   9.07
clusters[8] =   4.43   3.06   6.37   8.84   1.07   4.98   1.20   8.62   4.28   5.03   5.57   0.26   2.12   1.26   7.90   3.92
clusters[9] =   5.53   0.72   6.42   3.29   4.68   1.58   3.51   0.18   8.19   9.23   8.23   1.93   1.34   6.04   4.04   6.79
clusters[10] =   6.62   8.38   6.47   7.73   8.29   8.17   5.81   1.73   2.10   3.43   0.88   3.60   0.57   0.81   0.19   9.65
clusters[11] =   6.66   0.59   0.38   7.73   7.80   4.30   9.67   2.93   3.07   5.87   2.11   2.59   1.97   0.22   9.12   4.50
clusters[12] =   7.75   8.25   0.42   2.18   1.40   0.90   1.97   4.48   6.97   0.07   4.76   4.26   1.19   4.99   5.27   7.36
clusters[13] =   8.84   5.90   0.48   6.62   5.01   7.49   4.28   6.03   0.88   4.27   7.41   5.93   0.41   9.77   1.42   0.22
clusters[14] =   8.87   8.12   4.39   6.62   4.52   3.62   8.13   7.24   1.85   6.71   8.63   4.92   1.81   9.17   0.35   5.07
clusters[15] =   9.97   5.78   4.44   1.06   8.12   0.21   0.43   8.79   5.76   0.90   1.29   6.59   1.04   3.95   6.50   7.93

OpenMP Kmeans - Lock (nosync)	(number of threads: 8)
	completed loop 1	completed loop 2	completed loop 3	completed loop 4	completed loop 5	completed loop 6	completed loop 7	completed loop 8	completed loop 9	completed loop 10
        nloops =  10   (total =  0.3169s)  (per loop =  0.0317s)

Final cluster centers:
clusters[0] =   2.96   6.47   6.23   2.47   5.95   5.95   6.07   6.89   5.51   4.47   5.10   4.88   5.27   3.34   4.97   3.22 
clusters[1] =   5.04   4.68   5.44   5.06   2.57   6.63   4.93   3.38   7.53   4.57   3.88   6.84   4.72   5.80   4.03   3.01 
clusters[2] =   2.99   5.24   6.66   4.25   3.28   3.64   5.56   3.34   2.37   5.78   4.50   6.40   5.27   6.66   4.78   5.69 
clusters[3] =   5.70   4.32   7.20   6.46   5.90   6.88   7.18   4.54   6.09   4.48   7.00   7.00   5.04   5.46   6.92   6.65 
clusters[4] =   3.11   6.35   3.09   7.12   5.90   4.62   3.38   4.47   5.26   4.98   7.23   6.60   5.58   3.67   5.97   4.52 
clusters[5] =   4.38   4.09   6.39   6.14   7.36   5.33   3.81   4.82   5.98   4.50   3.44   2.78   4.71   7.40   5.32   3.46 
clusters[6] =   4.16   4.10   3.19   5.12   6.11   3.81   5.39   6.45   6.90   6.99   3.26   7.11   5.16   6.06   4.09   6.60 
clusters[7] =   3.94   3.43   3.21   5.16   3.29   7.02   6.36   6.78   4.43   4.20   4.78   3.18   4.84   5.40   5.75   7.13 
clusters[8] =   5.10   4.23   6.61   6.79   2.55   4.27   3.13   6.80   4.57   5.88   4.83   3.54   4.87   3.10   5.50   3.74 
clusters[9] =   5.14   3.21   5.34   3.02   5.37   4.18   4.22   3.02   6.33   6.68   7.32   3.16   5.05   4.38   4.54   6.16 
clusters[10] =   5.52   6.69   5.34   6.06   6.11   6.82   4.38   3.28   4.04   4.84   3.32   4.10   4.65   3.15   3.05   6.97 
clusters[11] =   5.91   3.81   3.30   5.31   5.91   3.97   7.29   3.45   3.66   5.25   3.55   4.45   5.35   3.20   6.40   2.96 
clusters[12] =   5.83   7.19   3.11   3.53   3.07   3.13   4.38   4.05   6.20   3.06   4.67   3.69   4.79   5.51   5.73   5.83 
clusters[13] =   6.49   4.49   3.10   3.92   5.11   6.90   3.69   5.36   2.70   4.87   6.40   6.10   4.41   6.59   4.02   3.22 
clusters[14] =   6.76   6.90   5.61   6.18   5.12   3.57   7.07   6.84   4.73   5.91   6.79   3.95   5.35   6.31   3.43   4.81 
clusters[15] =   6.79   4.24   6.27   3.54   6.38   3.37   3.22   6.56   3.95   3.39   4.08   6.75   5.00   4.23   5.90   6.41 
