
~~~~~~~~~~~~~~~~~~~~~~~~~~~~~~~~~~~~~~~~~~~~~~~~~~~~~~~~~~~~~~~~~~~~~~~~~~~~~~~~

dataset_size = 32.00 MB    numObjs = 262144    numCoords = 16    numClusters = 16
Initial cluster centers:
clusters[0] =   0.00   8.00   8.35   1.07   7.63   6.35   4.28  10.00   6.72   3.34   2.51   5.59   2.44   3.35   5.44   2.78
clusters[1] =   1.06   3.44   4.49   5.51   1.72   6.81   2.74   0.34   9.66   5.11   3.94   8.26   0.26   8.72   2.65   0.79
clusters[2] =   1.09   5.65   8.40   5.51   1.24   2.93   6.59   1.55   0.63   7.55   5.17   7.26   1.66   8.13   1.58   5.64
clusters[3] =   2.19   3.31   8.45   9.95   4.84   9.53   8.89   3.10   4.54   1.75   7.82   8.93   0.88   2.90   7.73   8.51
clusters[4] =   2.22   5.52   2.35   9.95   4.36   5.66   2.74   4.31   5.50   4.19   9.05   7.92   2.28   2.31   6.67   3.35
clusters[5] =   3.28   0.97   8.50   4.40   8.45   6.13   1.20   4.66   8.45   5.95   0.48   0.60   0.11   7.68   3.88   1.37
clusters[6] =   3.32   3.19   2.41   4.40   7.96   2.26   5.05   5.86   9.41   8.38   1.70   9.59   1.50   7.08   2.82   6.21
clusters[7] =   4.40   0.84   2.46   8.84   1.56   8.85   7.35   7.42   3.32   2.59   4.35   1.26   0.73   1.86   8.96   9.07
clusters[8] =   4.43   3.06   6.37   8.84   1.07   4.98   1.20   8.62   4.28   5.03   5.57   0.26   2.12   1.26   7.90   3.92
clusters[9] =   5.53   0.72   6.42   3.29   4.68   1.58   3.51   0.18   8.19   9.23   8.23   1.93   1.34   6.04   4.04   6.79
clusters[10] =   6.62   8.38   6.47   7.73   8.29   8.17   5.81   1.73   2.10   3.43   0.88   3.60   0.57   0.81   0.19   9.65
clusters[11] =   6.66   0.59   0.38   7.73   7.80   4.30   9.67   2.93   3.07   5.87   2.11   2.59   1.97   0.22   9.12   4.50
clusters[12] =   7.75   8.25   0.42   2.18   1.40   0.90   1.97   4.48   6.97   0.07   4.76   4.26   1.19   4.99   5.27   7.36
clusters[13] =   8.84   5.90   0.48   6.62   5.01   7.49   4.28   6.03   0.88   4.27   7.41   5.93   0.41   9.77   1.42   0.22
clusters[14] =   8.87   8.12   4.39   6.62   4.52   3.62   8.13   7.24   1.85   6.71   8.63   4.92   1.81   9.17   0.35   5.07
clusters[15] =   9.97   5.78   4.44   1.06   8.12   0.21   0.43   8.79   5.76   0.90   1.29   6.59   1.04   3.95   6.50   7.93

OpenMP Kmeans - Lock (nosync)	(number of threads: 2)
	completed loop 1	completed loop 2	completed loop 3	completed loop 4	completed loop 5	completed loop 6	completed loop 7	completed loop 8	completed loop 9	completed loop 10
        nloops =  10   (total =  0.5836s)  (per loop =  0.0584s)

Final cluster centers:
clusters[0] =   3.15   6.80   6.46   2.60   6.21   6.21   6.24   6.98   5.74   4.61   5.19   4.95   5.40   3.60   5.28   3.44 
clusters[1] =   4.96   4.74   5.22   4.92   2.55   6.74   4.73   3.38   7.54   4.74   3.82   6.76   4.90   5.88   4.12   2.99 
clusters[2] =   2.91   5.37   6.49   4.11   3.26   3.43   5.48   3.32   2.36   5.90   4.29   6.16   5.10   6.37   4.42   5.27 
clusters[3] =   5.61   3.84   7.13   6.40   5.32   6.27   7.07   3.91   5.60   3.63   6.77   6.94   4.55   5.00   6.51   6.38 
clusters[4] =   3.05   6.47   3.10   7.11   5.98   4.64   3.35   4.48   5.26   5.04   7.20   6.54   5.60   3.73   5.91   4.58 
clusters[5] =   4.37   3.95   6.37   6.15   7.34   5.25   3.80   4.71   5.92   4.31   3.48   2.75   4.64   7.31   5.17   3.42 
clusters[6] =   4.23   4.05   3.26   5.26   6.21   3.79   5.52   6.47   6.93   6.97   3.19   7.02   4.76   5.84   3.96   6.38 
clusters[7] =   3.75   3.36   3.13   5.04   3.29   6.97   6.28   6.77   4.33   4.21   4.74   3.26   4.89   5.35   5.63   7.06 
clusters[8] =   5.14   4.24   6.66   6.76   2.57   4.32   3.15   6.90   4.69   5.93   4.93   3.54   4.89   3.11   5.56   3.77 
clusters[9] =   5.25   3.33   5.37   2.99   5.46   4.25   4.23   3.08   6.39   6.87   7.33   3.21   5.17   4.50   4.67   6.22 
clusters[10] =   5.72   6.82   5.41   6.12   6.13   6.92   4.34   3.35   4.12   4.99   3.30   4.06   4.75   3.25   3.15   7.00 
clusters[11] =   6.02   3.91   3.22   5.30   5.96   4.01   7.28   3.54   3.71   5.28   3.56   4.31   5.47   3.18   6.38   2.91 
clusters[12] =   5.93   7.23   3.13   3.57   3.10   3.08   4.49   4.18   6.26   3.00   4.75   3.72   4.79   5.49   5.65   5.85 
clusters[13] =   6.59   4.59   3.12   3.93   5.16   6.96   3.76   5.45   2.72   4.90   6.50   6.12   4.44   6.56   4.06   3.23 
clusters[14] =   6.81   6.94   5.78   6.38   5.12   3.75   7.08   6.91   4.78   6.02   6.84   4.12   5.48   6.52   3.69   5.04 
clusters[15] =   6.70   4.22   6.19   3.52   6.37   3.36   3.09   6.62   3.82   3.47   3.99   6.75   5.11   4.36   5.86   6.39 
