*** Error in `./x.nb': free(): invalid pointer: 0x00007f2dbcacf2c1 ***
======= Backtrace: =========
/lib/x86_64-linux-gnu/libc.so.6(+0x70bfb)[0x7f2e51c4dbfb]
/lib/x86_64-linux-gnu/libc.so.6(+0x76fc6)[0x7f2e51c53fc6]
/lib/x86_64-linux-gnu/libc.so.6(+0x7780e)[0x7f2e51c5480e]
./x.nb[0x401551]
./x.nb[0x400ea5]
/lib/x86_64-linux-gnu/libc.so.6(__libc_start_main+0xf1)[0x7f2e51bfd2e1]
./x.nb[0x400fb0]
======= Memory map: ========
00400000-00402000 r-xp 00000000 00:28 47055360                           /home/parallel/parlab25/ex4/src/x.nb
00602000-00603000 rw-p 00002000 00:28 47055360                           /home/parallel/parlab25/ex4/src/x.nb
01adb000-01afc000 rw-p 00000000 00:00 0                                  [heap]
7f2d84000000-7f2d84ac3000 rw-p 00000000 00:00 0 
7f2d84ac3000-7f2d88000000 ---p 00000000 00:00 0 
7f2d8c000000-7f2d8cabf000 rw-p 00000000 00:00 0 
7f2d8cabf000-7f2d90000000 ---p 00000000 00:00 0 
7f2d94000000-7f2d94ac8000 rw-p 00000000 00:00 0 
7f2d94ac8000-7f2d98000000 ---p 00000000 00:00 0 
7f2d9c000000-7f2d9cac0000 rw-p 00000000 00:00 0 
7f2d9cac0000-7f2da0000000 ---p 00000000 00:00 0 
7f2da4000000-7f2da4ace000 rw-p 00000000 00:00 0 
7f2da4ace000-7f2da8000000 ---p 00000000 00:00 0 
7f2dac000000-7f2dacac7000 rw-p 00000000 00:00 0 
7f2dacac7000-7f2db0000000 ---p 00000000 00:00 0 
7f2db4000000-7f2db4acd000 rw-p 00000000 00:00 0 
7f2db4acd000-7f2db8000000 ---p 00000000 00:00 0 
7f2dbc000000-7f2dbcad0000 rw-p 00000000 00:00 0 
7f2dbcad0000-7f2dc0000000 ---p 00000000 00:00 0 
7f2dc4000000-7f2dc4abf000 rw-p 00000000 00:00 0 
7f2dc4abf000-7f2dc8000000 ---p 00000000 00:00 0 
7f2dc8000000-7f2dc8ac9000 rw-p 00000000 00:00 0 
7f2dc8ac9000-7f2dcc000000 ---p 00000000 00:00 0 
7f2dcc000000-7f2dccabb000 rw-p 00000000 00:00 0 
7f2dccabb000-7f2dd0000000 ---p 00000000 00:00 0 
7f2dd4000000-7f2dd4ab6000 rw-p 00000000 00:00 0 
7f2dd4ab6000-7f2dd8000000 ---p 00000000 00:00 0 
7f2ddc000000-7f2ddcac7000 rw-p 00000000 00:00 0 
7f2ddcac7000-7f2de0000000 ---p 00000000 00:00 0 
7f2de4000000-7f2de4ac9000 rw-p 00000000 00:00 0 
7f2de4ac9000-7f2de8000000 ---p 00000000 00:00 0 
7f2dec000000-7f2decac4000 rw-p 00000000 00:00 0 
7f2decac4000-7f2df0000000 ---p 00000000 00:00 0 
7f2df4000000-7f2df4ac7000 rw-p 00000000 00:00 0 
7f2df4ac7000-7f2df8000000 ---p 00000000 00:00 0 
7f2dfc000000-7f2dfcacc000 rw-p 00000000 00:00 0 
7f2dfcacc000-7f2e00000000 ---p 00000000 00:00 0 
7f2e04000000-7f2e04ade000 rw-p 00000000 00:00 0 
7f2e04ade000-7f2e08000000 ---p 00000000 00:00 0 
7f2e08000000-7f2e08acd000 rw-p 00000000 00:00 0 
7f2e08acd000-7f2e0c000000 ---p 00000000 00:00 0 
7f2e0c000000-7f2e0cac1000 rw-p 00000000 00:00 0 
7f2e0cac1000-7f2e10000000 ---p 00000000 00:00 0 
7f2e10000000-7f2e10ac2000 rw-p 00000000 00:00 0 
7f2e10ac2000-7f2e14000000 ---p 00000000 00:00 0 
7f2e14000000-7f2e14ad1000 rw-p 00000000 00:00 0 
7f2e14ad1000-7f2e18000000 ---p 00000000 00:00 0 
7f2e18000000-7f2e18acc000 rw-p 00000000 00:00 0 
7f2e18acc000-7f2e1c000000 ---p 00000000 00:00 0 
7f2e1c000000-7f2e1cad2000 rw-p 00000000 00:00 0 
7f2e1cad2000-7f2e20000000 ---p 00000000 00:00 0 
7f2e20000000-7f2e20ab8000 rw-p 00000000 00:00 0 
7f2e20ab8000-7f2e24000000 ---p 00000000 00:00 0 
7f2e24000000-7f2e24ad6000 rw-p 00000000 00:00 0 
7f2e24ad6000-7f2e28000000 ---p 00000000 00:00 0 
7f2e28000000-7f2e28ac7000 rw-p 00000000 00:00 0 
7f2e28ac7000-7f2e2c000000 ---p 00000000 00:00 0 
7f2e2c000000-7f2e2cabc000 rw-p 00000000 00:00 0 
7f2e2cabc000-7f2e30000000 ---p 00000000 00:00 0 
7f2e30000000-7f2e30abb000 rw-p 00000000 00:00 0 
7f2e30abb000-7f2e34000000 ---p 00000000 00:00 0 
7f2e34000000-7f2e34ad1000 rw-p 00000000 00:00 0 
7f2e34ad1000-7f2e38000000 ---p 00000000 00:00 0 
7f2e38000000-7f2e38abe000 rw-p 00000000 00:00 0 
7f2e38abe000-7f2e3c000000 ---p 00000000 00:00 0 
7f2e3c000000-7f2e3cad1000 rw-p 00000000 00:00 0 
7f2e3cad1000-7f2e40000000 ---p 00000000 00:00 0 
7f2e41bbd000-7f2e41bbe000 ---p 00000000 00:00 0 
7f2e41bbe000-7f2e423be000 rw-p 00000000 00:00 0 
7f2e423be000-7f2e423bf000 ---p 00000000 00:00 0 
7f2e423bf000-7f2e42bbf000 rw-p 00000000 00:00 0 
7f2e42bbf000-7f2e42bc0000 ---p 00000000 00:00 0 
7f2e42bc0000-7f2e433c0000 rw-p 00000000 00:00 0 
7f2e433c0000-7f2e433c1000 ---p 00000000 00:00 0 
7f2e433c1000-7f2e43bc1000 rw-p 00000000 00:00 0 
7f2e519c6000-7f2e519dc000 r-xp 00000000 08:01 67109107                   /lib/x86_64-linux-gnu/libgcc_s.so.1
7f2e519dc000-7f2e51bdb000 ---p 00016000 08:01 67109107                   /lib/x86_64-linux-gnu/libgcc_s.so.1
7f2e51bdb000-7f2e51bdc000 r--p 00015000 08:01 67109107                   /lib/x86_64-linux-gnu/libgcc_s.so.1
7f2e51bdc000-7f2e51bdd000 rw-p 00016000 08:01 67109107                   /lib/x86_64-linux-gnu/libgcc_s.so.1
7f2e51bdd000-7f2e51d72000 r-xp 00000000 08:01 67109842                   /lib/x86_64-linux-gnu/libc-2.24.so
7f2e51d72000-7f2e51f72000 ---p 00195000 08:01 67109842                   /lib/x86_64-linux-gnu/libc-2.24.so
7f2e51f72000-7f2e51f76000 r--p 00195000 08:01 67109842                   /lib/x86_64-linux-gnu/libc-2.24.so
7f2e51f76000-7f2e51f78000 rw-p 00199000 08:01 67109842                   /lib/x86_64-linux-gnu/libc-2.24.so
7f2e51f78000-7f2e51f7c000 rw-p 00000000 00:00 0 
7f2e51f7c000-7f2e51f94000 r-xp 00000000 08:01 67109936                   /lib/x86_64-linux-gnu/libpthread-2.24.so
7f2e51f94000-7f2e52193000 ---p 00018000 08:01 67109936                   /lib/x86_64-linux-gnu/libpthread-2.24.so
7f2e52193000-7f2e52194000 r--p 00017000 08:01 67109936                   /lib/x86_64-linux-gnu/libpthread-2.24.so
7f2e52194000-7f2e52195000 rw-p 00018000 08:01 67109936                   /lib/x86_64-linux-gnu/libpthread-2.24.so
7f2e52195000-7f2e52199000 rw-p 00000000 00:00 0 
7f2e52199000-7f2e521bc000 r-xp 00000000 08:01 67108931                   /lib/x86_64-linux-gnu/ld-2.24.so
7f2e523a6000-7f2e523aa000 rw-p 00000000 00:00 0 
7f2e523bb000-7f2e523bc000 rw-p 00000000 00:00 0 
7f2e523bc000-7f2e523bd000 r--p 00023000 08:01 67108931                   /lib/x86_64-linux-gnu/ld-2.24.so
7f2e523bd000-7f2e523be000 rw-p 00024000 08:01 67108931                   /lib/x86_64-linux-gnu/ld-2.24.so
7f2e523be000-7f2e523bf000 rw-p 00000000 00:00 0 
7ffdc792f000-7ffdc7950000 rw-p 00000000 00:00 0                          [stack]
7ffdc7950000-7ffdc7952000 r--p 00000000 00:00 0                          [vvar]
7ffdc7952000-7ffdc7954000 r-xp 00000000 00:00 0                          [vdso]
ffffffffff600000-ffffffffff601000 r-xp 00000000 00:00 0                  [vsyscall]
/var/spool/torque/mom_priv/jobs/529374.localhost.SC: line 21: 28469 Aborted                 ./x.nb 1024 0 50 50
